0 info it worked if it ends with ok
1 verbose cli [ 'node', '/opt/boxen/homebrew/bin/npm', 'install' ]
2 info using npm@2.7.1
3 info using node@v0.12.0
4 verbose node symlink /opt/boxen/homebrew/bin/node
5 error install Couldn't read dependencies
6 verbose stack Error: Failed to parse json
6 verbose stack Trailing comma in object at 24:3
6 verbose stack   },
6 verbose stack   ^
6 verbose stack     at parseError (/opt/boxen/homebrew/lib/node_modules/npm/node_modules/read-package-json/read-json.js:406:25)
6 verbose stack     at parseJson (/opt/boxen/homebrew/lib/node_modules/npm/node_modules/read-package-json/read-json.js:86:51)
6 verbose stack     at /opt/boxen/homebrew/lib/node_modules/npm/node_modules/read-package-json/read-json.js:60:33
6 verbose stack     at evalmachine.<anonymous>:336:14
6 verbose stack     at /opt/boxen/homebrew/lib/node_modules/npm/node_modules/graceful-fs/graceful-fs.js:102:5
6 verbose stack     at FSReqWrap.oncomplete (evalmachine.<anonymous>:99:15)
7 verbose cwd /Users/guspowell/Projects/thoughtPiece
8 error Darwin 14.3.0
9 error argv "node" "/opt/boxen/homebrew/bin/npm" "install"
10 error node v0.12.0
11 error npm  v2.7.1
12 error file /Users/guspowell/Projects/thoughtPiece/package.json
13 error code EJSONPARSE
14 error Failed to parse json
14 error Trailing comma in object at 24:3
14 error   },
14 error   ^
15 error File: /Users/guspowell/Projects/thoughtPiece/package.json
16 error Failed to parse package.json data.
16 error package.json must be actual JSON, not just JavaScript.
16 error
16 error This is not a bug in npm.
16 error Tell the package author to fix their package.json file. JSON.parse
17 verbose exit [ 1, true ]
